Determining if the pthread_create exist failed with the following output:
Change Dir: /mnt/c/workspace/Udacity/Udacity---Self-Driving-Car-3/CarND-Capstone/ros/build/CMakeFiles/CMakeTmp

Run Build Command:"/usr/bin/make" "cmTC_27dfc/fast"
/usr/bin/make -f CMakeFiles/cmTC_27dfc.dir/build.make CMakeFiles/cmTC_27dfc.dir/build
make[1]: Entering directory '/mnt/c/workspace/Udacity/Udacity---Self-Driving-Car-3/CarND-Capstone/ros/build/CMakeFiles/CMakeTmp'
Building C object CMakeFiles/cmTC_27dfc.dir/CheckSymbolExists.c.o
/usr/bin/cc     -o CMakeFiles/cmTC_27dfc.dir/CheckSymbolExists.c.o   -c /mnt/c/workspace/Udacity/Udacity---Self-Driving-Car-3/CarND-Capstone/ros/build/CMakeFiles/CMakeTmp/CheckSymbolExists.c
Linking C executable cmTC_27dfc
/usr/bin/cmake -E cmake_link_script CMakeFiles/cmTC_27dfc.dir/link.txt --verbose=1
/usr/bin/cc       CMakeFiles/cmTC_27dfc.dir/CheckSymbolExists.c.o  -o cmTC_27dfc -rdynamic 
CMakeFiles/cmTC_27dfc.dir/CheckSymbolExists.c.o: In function `main':
CheckSymbolExists.c:(.text+0x16): undefined reference to `pthread_create'
collect2: error: ld returned 1 exit status
CMakeFiles/cmTC_27dfc.dir/build.make:97: recipe for target 'cmTC_27dfc' failed
make[1]: *** [cmTC_27dfc] Error 1
make[1]: Leaving directory '/mnt/c/workspace/Udacity/Udacity---Self-Driving-Car-3/CarND-Capstone/ros/build/CMakeFiles/CMakeTmp'
Makefile:126: recipe for target 'cmTC_27dfc/fast' failed
make: *** [cmTC_27dfc/fast] Error 2

File /mnt/c/workspace/Udacity/Udacity---Self-Driving-Car-3/CarND-Capstone/ros/build/CMakeFiles/CMakeTmp/CheckSymbolExists.c:
/* */
#include <pthread.h>

int main(int argc, char** argv)
{
  (void)argv;
#ifndef pthread_create
  return ((int*)(&pthread_create))[argc];
#else
  (void)argc;
  return 0;
#endif
}

Determining if the function pthread_create exists in the pthreads failed with the following output:
Change Dir: /mnt/c/workspace/Udacity/Udacity---Self-Driving-Car-3/CarND-Capstone/ros/build/CMakeFiles/CMakeTmp

Run Build Command:"/usr/bin/make" "cmTC_6657f/fast"
/usr/bin/make -f CMakeFiles/cmTC_6657f.dir/build.make CMakeFiles/cmTC_6657f.dir/build
make[1]: Entering directory '/mnt/c/workspace/Udacity/Udacity---Self-Driving-Car-3/CarND-Capstone/ros/build/CMakeFiles/CMakeTmp'
Building C object CMakeFiles/cmTC_6657f.dir/CheckFunctionExists.c.o
/usr/bin/cc    -DCHECK_FUNCTION_EXISTS=pthread_create   -o CMakeFiles/cmTC_6657f.dir/CheckFunctionExists.c.o   -c /usr/share/cmake-3.5/Modules/CheckFunctionExists.c
Linking C executable cmTC_6657f
/usr/bin/cmake -E cmake_link_script CMakeFiles/cmTC_6657f.dir/link.txt --verbose=1
/usr/bin/cc   -DCHECK_FUNCTION_EXISTS=pthread_create    CMakeFiles/cmTC_6657f.dir/CheckFunctionExists.c.o  -o cmTC_6657f -rdynamic -lpthreads 
/usr/bin/ld: cannot find -lpthreads
collect2: error: ld returned 1 exit status
CMakeFiles/cmTC_6657f.dir/build.make:97: recipe for target 'cmTC_6657f' failed
make[1]: *** [cmTC_6657f] Error 1
make[1]: Leaving directory '/mnt/c/workspace/Udacity/Udacity---Self-Driving-Car-3/CarND-Capstone/ros/build/CMakeFiles/CMakeTmp'
Makefile:126: recipe for target 'cmTC_6657f/fast' failed
make: *** [cmTC_6657f/fast] Error 2


